# JRE version: Java(TM) SE Runtime Environment (21.0.10+8) (build 21.0.10+8-LTS-217)
# Java VM: Java HotSpot(TM) 64-Bit Server VM (21.0.10+8-LTS-217, mixed mode, sharing, tiered, compressed oops, compressed class ptrs, g1 gc, windows-amd64)
GC Precious Log:
 CardTable entry size: 512
 Card Set container configuration: InlinePtr #cards 5 size 8 Array Of Cards #cards 12 size 40 Howl #buckets 4 coarsen threshold 1843 Howl Bitmap #cards 512 size 80 coarsen threshold 460 Card regions per heap region 1 cards per card region 2048
 CPUs: 12 total, 12 available
 Memory: 15751M
 Large Page Support: Disabled
 NUMA Support: Disabled
 Compressed Oops: Enabled (32-bit)
 Heap Region Size: 1M
 Heap Min Capacity: 8M
 Heap Initial Capacity: 248M
 Heap Max Capacity: 1G
 Pre-touch: Disabled
 Parallel Workers: 10
 Concurrent Workers: 3
 Concurrent Refinement Workers: 10
 Periodic GC: Disabled
Heap:
 garbage-first heap   total 126976K, used 110330K [0x00000000c0000000, 0x0000000100000000)
  region size 1024K, 46 young (47104K), 4 survivors (4096K)
 Metaspace       used 57572K, committed 59648K, reserved 1114112K
  class space    used 8148K, committed 9216K, reserved 1048576K
GC Heap History (20 events):
Event: 9.673 GC heap before
{Heap before GC invocations=11 (full 0):
 garbage-first heap   total 86016K, used 75841K [0x00000000c0000000, 0x0000000100000000)
  region size 1024K, 42 young (43008K), 6 survivors (6144K)
 Metaspace       used 49254K, committed 51200K, reserved 1114112K
  class space    used 6950K, committed 7936K, reserved 1048576K
}
Event: 9.678 GC heap after
{Heap after GC invocations=12 (full 0):
 garbage-first heap   total 87040K, used 43335K [0x00000000c0000000, 0x0000000100000000)
  region size 1024K, 5 young (5120K), 5 survivors (5120K)
 Metaspace       used 49254K, committed 51200K, reserved 1114112K
  class space    used 6950K, committed 7936K, reserved 1048576K
}
Event: 10.149 GC heap before
{Heap before GC invocations=12 (full 0):
 garbage-first heap   total 87040K, used 76103K [0x00000000c0000000, 0x0000000100000000)
  region size 1024K, 37 young (37888K), 5 survivors (5120K)
 Metaspace       used 52402K, committed 54400K, reserved 1114112K
  class space    used 7356K, committed 8320K, reserved 1048576K
}
Event: 10.153 GC heap after
{Heap after GC invocations=13 (full 0):
 garbage-first heap   total 87040K, used 45974K [0x00000000c0000000, 0x0000000100000000)
  region size 1024K, 4 young (4096K), 4 survivors (4096K)
 Metaspace       used 52402K, committed 54400K, reserved 1114112K
  class space    used 7356K, committed 8320K, reserved 1048576K
}
Event: 10.559 GC heap before
{Heap before GC invocations=13 (full 0):
 garbage-first heap   total 87040K, used 76694K [0x00000000c0000000, 0x0000000100000000)
  region size 1024K, 34 young (34816K), 4 survivors (4096K)
 Metaspace       used 55311K, committed 57408K, reserved 1114112K
  class space    used 7855K, committed 8896K, reserved 1048576K
}
Event: 10.564 GC heap after
{Heap after GC invocations=14 (full 0):
 garbage-first heap   total 87040K, used 48128K [0x00000000c0000000, 0x0000000100000000)
  region size 1024K, 2 young (2048K), 2 survivors (2048K)
 Metaspace       used 55311K, committed 57408K, reserved 1114112K
  class space    used 7855K, committed 8896K, reserved 1048576K
}
Event: 12.134 GC heap before
{Heap before GC invocations=15 (full 0):
 garbage-first heap   total 89088K, used 77824K [0x00000000c0000000, 0x0000000100000000)
  region size 1024K, 32 young (32768K), 2 survivors (2048K)
 Metaspace       used 56658K, committed 58816K, reserved 1114112K
  class space    used 8054K, committed 9152K, reserved 1048576K
}
Event: 12.137 GC heap after
{Heap after GC invocations=16 (full 0):
 garbage-first heap   total 89088K, used 51745K [0x00000000c0000000, 0x0000000100000000)
  region size 1024K, 4 young (4096K), 4 survivors (4096K)
 Metaspace       used 56658K, committed 58816K, reserved 1114112K
  class space    used 8054K, committed 9152K, reserved 1048576K
}
Event: 12.331 GC heap before
{Heap before GC invocations=16 (full 0):
 garbage-first heap   total 89088K, used 78369K [0x00000000c0000000, 0x0000000100000000)
  region size 1024K, 31 young (31744K), 4 survivors (4096K)
 Metaspace       used 56684K, committed 58816K, reserved 1114112K
  class space    used 8055K, committed 9152K, reserved 1048576K
}
Event: 12.336 GC heap after
{Heap after GC invocations=17 (full 0):
 garbage-first heap   total 89088K, used 55384K [0x00000000c0000000, 0x0000000100000000)
  region size 1024K, 4 young (4096K), 4 survivors (4096K)
 Metaspace       used 56684K, committed 58816K, reserved 1114112K
  class space    used 8055K, committed 9152K, reserved 1048576K
}
Event: 12.490 GC heap before
{Heap before GC invocations=17 (full 0):
 garbage-first heap   total 89088K, used 78936K [0x00000000c0000000, 0x0000000100000000)
  region size 1024K, 27 young (27648K), 4 survivors (4096K)
 Metaspace       used 56684K, committed 58816K, reserved 1114112K
  class space    used 8055K, committed 9152K, reserved 1048576K
}
Event: 12.493 GC heap after
{Heap after GC invocations=18 (full 0):
 garbage-first heap   total 89088K, used 56595K [0x00000000c0000000, 0x0000000100000000)
  region size 1024K, 2 young (2048K), 2 survivors (2048K)
 Metaspace       used 56684K, committed 58816K, reserved 1114112K
  class space    used 8055K, committed 9152K, reserved 1048576K
}
Event: 12.665 GC heap before
{Heap before GC invocations=19 (full 0):
 garbage-first heap   total 102400K, used 81171K [0x00000000c0000000, 0x0000000100000000)
  region size 1024K, 26 young (26624K), 2 survivors (2048K)
 Metaspace       used 56625K, committed 58816K, reserved 1114112K
  class space    used 8045K, committed 9152K, reserved 1048576K
}
Event: 12.667 GC heap after
{Heap after GC invocations=20 (full 0):
 garbage-first heap   total 102400K, used 57471K [0x00000000c0000000, 0x0000000100000000)
  region size 1024K, 3 young (3072K), 3 survivors (3072K)
 Metaspace       used 56625K, committed 58816K, reserved 1114112K
  class space    used 8045K, committed 9152K, reserved 1048576K
}
Event: 12.855 GC heap before
{Heap before GC invocations=20 (full 0):
 garbage-first heap   total 102400K, used 100479K [0x00000000c0000000, 0x0000000100000000)
  region size 1024K, 37 young (37888K), 3 survivors (3072K)
 Metaspace       used 56665K, committed 58816K, reserved 1114112K
  class space    used 8045K, committed 9152K, reserved 1048576K
}
Event: 12.863 GC heap after
{Heap after GC invocations=21 (full 0):
 garbage-first heap   total 113664K, used 64432K [0x00000000c0000000, 0x0000000100000000)
  region size 1024K, 5 young (5120K), 5 survivors (5120K)
 Metaspace       used 56665K, committed 58816K, reserved 1114112K
  class space    used 8045K, committed 9152K, reserved 1048576K
}
Event: 13.037 GC heap before
{Heap before GC invocations=21 (full 0):
 garbage-first heap   total 113664K, used 99248K [0x00000000c0000000, 0x0000000100000000)
  region size 1024K, 39 young (39936K), 5 survivors (5120K)
 Metaspace       used 56666K, committed 58816K, reserved 1114112K
  class space    used 8045K, committed 9152K, reserved 1048576K
}
Event: 13.040 GC heap after
{Heap after GC invocations=22 (full 0):
 garbage-first heap   total 113664K, used 66963K [0x00000000c0000000, 0x0000000100000000)
  region size 1024K, 2 young (2048K), 2 survivors (2048K)
 Metaspace       used 56666K, committed 58816K, reserved 1114112K
  class space    used 8045K, committed 9152K, reserved 1048576K
}
Event: 13.215 GC heap before
{Heap before GC invocations=23 (full 0):
 garbage-first heap   total 126976K, used 100755K [0x00000000c0000000, 0x0000000100000000)
  region size 1024K, 35 young (35840K), 2 survivors (2048K)
 Metaspace       used 56666K, committed 58816K, reserved 1114112K
  class space    used 8045K, committed 9152K, reserved 1048576K
}
Event: 13.217 GC heap after
{Heap after GC invocations=24 (full 0):
 garbage-first heap   total 126976K, used 68346K [0x00000000c0000000, 0x0000000100000000)
  region size 1024K, 4 young (4096K), 4 survivors (4096K)
 Metaspace       used 56666K, committed 58816K, reserved 1114112K
  class space    used 8045K, committed 9152K, reserved 1048576K
}

