# JRE version: Java(TM) SE Runtime Environment (21.0.10+8) (build 21.0.10+8-LTS-217)
# Java VM: Java HotSpot(TM) 64-Bit Server VM (21.0.10+8-LTS-217, mixed mode, sharing, tiered, compressed oops, compressed class ptrs, parallel gc, windows-amd64)
GC Precious Log:
 CardTable entry size: 512
 CPUs: 12 total, 12 available
 Memory: 15751M
 Large Page Support: Disabled
 NUMA Support: Disabled
 Compressed Oops: Enabled (32-bit)
 Alignments: Space 512K, Generation 512K, Heap 2M
 Heap Min Capacity: 100M
 Heap Initial Capacity: 100M
 Heap Max Capacity: 2G
 Pre-touch: Disabled
 Parallel Workers: 10
Heap:
 PSYoungGen      total 10752K, used 8902K [0x00000000d5580000, 0x00000000d6180000, 0x0000000100000000)
  eden space 9728K, 83% used [0x00000000d5580000,0x00000000d5d691c0,0x00000000d5f00000)
  from space 1024K, 78% used [0x00000000d6080000,0x00000000d6148738,0x00000000d6180000)
  to   space 1024K, 0% used [0x00000000d5f80000,0x00000000d5f80000,0x00000000d6080000)
 ParOldGen       total 94208K, used 78076K [0x0000000080000000, 0x0000000085c00000, 0x00000000d5580000)
  object space 94208K, 82% used [0x0000000080000000,0x0000000084c3f3c8,0x0000000085c00000)
 Metaspace       used 71077K, committed 72512K, reserved 1114112K
  class space    used 8406K, committed 9024K, reserved 1048576K
GC Heap History (20 events):
Event: 102.620 GC heap before
{Heap before GC invocations=109 (full 4):
 PSYoungGen      total 10240K, used 10215K [0x00000000d5580000, 0x00000000d6180000, 0x0000000100000000)
  eden space 9728K, 100% used [0x00000000d5580000,0x00000000d5f00000,0x00000000d5f00000)
  from space 512K, 95% used [0x00000000d6100000,0x00000000d6179e98,0x00000000d6180000)
  to   space 1024K, 0% used [0x00000000d5f80000,0x00000000d5f80000,0x00000000d6080000)
 ParOldGen       total 94208K, used 75865K [0x0000000080000000, 0x0000000085c00000, 0x00000000d5580000)
  object space 94208K, 80% used [0x0000000080000000,0x0000000084a16550,0x0000000085c00000)
 Metaspace       used 68080K, committed 69440K, reserved 1114112K
  class space    used 7781K, committed 8384K, reserved 1048576K
}
Event: 102.670 GC heap after
{Heap after GC invocations=109 (full 4):
 PSYoungGen      total 10752K, used 352K [0x00000000d5580000, 0x00000000d6180000, 0x0000000100000000)
  eden space 9728K, 0% used [0x00000000d5580000,0x00000000d5580000,0x00000000d5f00000)
  from space 1024K, 34% used [0x00000000d5f80000,0x00000000d5fd8000,0x00000000d6080000)
  to   space 512K, 0% used [0x00000000d6100000,0x00000000d6100000,0x00000000d6180000)
 ParOldGen       total 94208K, used 75953K [0x0000000080000000, 0x0000000085c00000, 0x00000000d5580000)
  object space 94208K, 80% used [0x0000000080000000,0x0000000084a2c550,0x0000000085c00000)
 Metaspace       used 68080K, committed 69440K, reserved 1114112K
  class space    used 7781K, committed 8384K, reserved 1048576K
}
Event: 103.242 GC heap before
{Heap before GC invocations=110 (full 4):
 PSYoungGen      total 10752K, used 10080K [0x00000000d5580000, 0x00000000d6180000, 0x0000000100000000)
  eden space 9728K, 100% used [0x00000000d5580000,0x00000000d5f00000,0x00000000d5f00000)
  from space 1024K, 34% used [0x00000000d5f80000,0x00000000d5fd8000,0x00000000d6080000)
  to   space 512K, 0% used [0x00000000d6100000,0x00000000d6100000,0x00000000d6180000)
 ParOldGen       total 94208K, used 75953K [0x0000000080000000, 0x0000000085c00000, 0x00000000d5580000)
  object space 94208K, 80% used [0x0000000080000000,0x0000000084a2c550,0x0000000085c00000)
 Metaspace       used 68723K, committed 70080K, reserved 1114112K
  class space    used 7945K, committed 8512K, reserved 1048576K
}
Event: 103.248 GC heap after
{Heap after GC invocations=110 (full 4):
 PSYoungGen      total 10240K, used 352K [0x00000000d5580000, 0x00000000d6180000, 0x0000000100000000)
  eden space 9728K, 0% used [0x00000000d5580000,0x00000000d5580000,0x00000000d5f00000)
  from space 512K, 68% used [0x00000000d6100000,0x00000000d6158000,0x00000000d6180000)
  to   space 512K, 0% used [0x00000000d6080000,0x00000000d6080000,0x00000000d6100000)
 ParOldGen       total 94208K, used 76041K [0x0000000080000000, 0x0000000085c00000, 0x00000000d5580000)
  object space 94208K, 80% used [0x0000000080000000,0x0000000084a42550,0x0000000085c00000)
 Metaspace       used 68723K, committed 70080K, reserved 1114112K
  class space    used 7945K, committed 8512K, reserved 1048576K
}
Event: 103.677 GC heap before
{Heap before GC invocations=111 (full 4):
 PSYoungGen      total 10240K, used 10080K [0x00000000d5580000, 0x00000000d6180000, 0x0000000100000000)
  eden space 9728K, 100% used [0x00000000d5580000,0x00000000d5f00000,0x00000000d5f00000)
  from space 512K, 68% used [0x00000000d6100000,0x00000000d6158000,0x00000000d6180000)
  to   space 512K, 0% used [0x00000000d6080000,0x00000000d6080000,0x00000000d6100000)
 ParOldGen       total 94208K, used 76041K [0x0000000080000000, 0x0000000085c00000, 0x00000000d5580000)
  object space 94208K, 80% used [0x0000000080000000,0x0000000084a42550,0x0000000085c00000)
 Metaspace       used 69155K, committed 70528K, reserved 1114112K
  class space    used 8044K, committed 8640K, reserved 1048576K
}
Event: 103.688 GC heap after
{Heap after GC invocations=111 (full 4):
 PSYoungGen      total 10240K, used 490K [0x00000000d5580000, 0x00000000d6180000, 0x0000000100000000)
  eden space 9728K, 0% used [0x00000000d5580000,0x00000000d5580000,0x00000000d5f00000)
  from space 512K, 95% used [0x00000000d6080000,0x00000000d60faa50,0x00000000d6100000)
  to   space 512K, 0% used [0x00000000d6100000,0x00000000d6100000,0x00000000d6180000)
 ParOldGen       total 94208K, used 76194K [0x0000000080000000, 0x0000000085c00000, 0x00000000d5580000)
  object space 94208K, 80% used [0x0000000080000000,0x0000000084a68a20,0x0000000085c00000)
 Metaspace       used 69155K, committed 70528K, reserved 1114112K
  class space    used 8044K, committed 8640K, reserved 1048576K
}
Event: 104.215 GC heap before
{Heap before GC invocations=112 (full 4):
 PSYoungGen      total 10240K, used 10218K [0x00000000d5580000, 0x00000000d6180000, 0x0000000100000000)
  eden space 9728K, 100% used [0x00000000d5580000,0x00000000d5f00000,0x00000000d5f00000)
  from space 512K, 95% used [0x00000000d6080000,0x00000000d60faa50,0x00000000d6100000)
  to   space 512K, 0% used [0x00000000d6100000,0x00000000d6100000,0x00000000d6180000)
 ParOldGen       total 94208K, used 76194K [0x0000000080000000, 0x0000000085c00000, 0x00000000d5580000)
  object space 94208K, 80% used [0x0000000080000000,0x0000000084a68a20,0x0000000085c00000)
 Metaspace       used 69668K, committed 71040K, reserved 1114112K
  class space    used 8153K, committed 8704K, reserved 1048576K
}
Event: 104.265 GC heap after
{Heap after GC invocations=112 (full 4):
 PSYoungGen      total 10240K, used 410K [0x00000000d5580000, 0x00000000d6180000, 0x0000000100000000)
  eden space 9728K, 0% used [0x00000000d5580000,0x00000000d5580000,0x00000000d5f00000)
  from space 512K, 80% used [0x00000000d6100000,0x00000000d6166810,0x00000000d6180000)
  to   space 512K, 0% used [0x00000000d6080000,0x00000000d6080000,0x00000000d6100000)
 ParOldGen       total 94208K, used 76513K [0x0000000080000000, 0x0000000085c00000, 0x00000000d5580000)
  object space 94208K, 81% used [0x0000000080000000,0x0000000084ab8558,0x0000000085c00000)
 Metaspace       used 69668K, committed 71040K, reserved 1114112K
  class space    used 8153K, committed 8704K, reserved 1048576K
}
Event: 104.906 GC heap before
{Heap before GC invocations=113 (full 4):
 PSYoungGen      total 10240K, used 10138K [0x00000000d5580000, 0x00000000d6180000, 0x0000000100000000)
  eden space 9728K, 100% used [0x00000000d5580000,0x00000000d5f00000,0x00000000d5f00000)
  from space 512K, 80% used [0x00000000d6100000,0x00000000d6166810,0x00000000d6180000)
  to   space 512K, 0% used [0x00000000d6080000,0x00000000d6080000,0x00000000d6100000)
 ParOldGen       total 94208K, used 76513K [0x0000000080000000, 0x0000000085c00000, 0x00000000d5580000)
  object space 94208K, 81% used [0x0000000080000000,0x0000000084ab8558,0x0000000085c00000)
 Metaspace       used 70056K, committed 71424K, reserved 1114112K
  class space    used 8265K, committed 8832K, reserved 1048576K
}
Event: 104.971 GC heap after
{Heap after GC invocations=113 (full 4):
 PSYoungGen      total 10240K, used 448K [0x00000000d5580000, 0x00000000d6180000, 0x0000000100000000)
  eden space 9728K, 0% used [0x00000000d5580000,0x00000000d5580000,0x00000000d5f00000)
  from space 512K, 87% used [0x00000000d6080000,0x00000000d60f0000,0x00000000d6100000)
  to   space 512K, 0% used [0x00000000d6100000,0x00000000d6100000,0x00000000d6180000)
 ParOldGen       total 94208K, used 76633K [0x0000000080000000, 0x0000000085c00000, 0x00000000d5580000)
  object space 94208K, 81% used [0x0000000080000000,0x0000000084ad6558,0x0000000085c00000)
 Metaspace       used 70056K, committed 71424K, reserved 1114112K
  class space    used 8265K, committed 8832K, reserved 1048576K
}
Event: 105.573 GC heap before
{Heap before GC invocations=114 (full 4):
 PSYoungGen      total 10240K, used 10175K [0x00000000d5580000, 0x00000000d6180000, 0x0000000100000000)
  eden space 9728K, 99% used [0x00000000d5580000,0x00000000d5efffb8,0x00000000d5f00000)
  from space 512K, 87% used [0x00000000d6080000,0x00000000d60f0000,0x00000000d6100000)
  to   space 512K, 0% used [0x00000000d6100000,0x00000000d6100000,0x00000000d6180000)
 ParOldGen       total 94208K, used 76633K [0x0000000080000000, 0x0000000085c00000, 0x00000000d5580000)
  object space 94208K, 81% used [0x0000000080000000,0x0000000084ad6558,0x0000000085c00000)
 Metaspace       used 70830K, committed 72192K, reserved 1114112K
  class space    used 8372K, committed 8960K, reserved 1048576K
}
Event: 105.645 GC heap after
{Heap after GC invocations=114 (full 4):
 PSYoungGen      total 10240K, used 384K [0x00000000d5580000, 0x00000000d6180000, 0x0000000100000000)
  eden space 9728K, 0% used [0x00000000d5580000,0x00000000d5580000,0x00000000d5f00000)
  from space 512K, 75% used [0x00000000d6100000,0x00000000d6160000,0x00000000d6180000)
  to   space 512K, 0% used [0x00000000d6080000,0x00000000d6080000,0x00000000d6100000)
 ParOldGen       total 94208K, used 76816K [0x0000000080000000, 0x0000000085c00000, 0x00000000d5580000)
  object space 94208K, 81% used [0x0000000080000000,0x0000000084b041a8,0x0000000085c00000)
 Metaspace       used 70830K, committed 72192K, reserved 1114112K
  class space    used 8372K, committed 8960K, reserved 1048576K
}
Event: 106.151 GC heap before
{Heap before GC invocations=115 (full 4):
 PSYoungGen      total 10240K, used 10112K [0x00000000d5580000, 0x00000000d6180000, 0x0000000100000000)
  eden space 9728K, 100% used [0x00000000d5580000,0x00000000d5f00000,0x00000000d5f00000)
  from space 512K, 75% used [0x00000000d6100000,0x00000000d6160000,0x00000000d6180000)
  to   space 512K, 0% used [0x00000000d6080000,0x00000000d6080000,0x00000000d6100000)
 ParOldGen       total 94208K, used 76816K [0x0000000080000000, 0x0000000085c00000, 0x00000000d5580000)
  object space 94208K, 81% used [0x0000000080000000,0x0000000084b041a8,0x0000000085c00000)
 Metaspace       used 71076K, committed 72512K, reserved 1114112K
  class space    used 8406K, committed 9024K, reserved 1048576K
}
Event: 106.186 GC heap after
{Heap after GC invocations=115 (full 4):
 PSYoungGen      total 10240K, used 485K [0x00000000d5580000, 0x00000000d6180000, 0x0000000100000000)
  eden space 9728K, 0% used [0x00000000d5580000,0x00000000d5580000,0x00000000d5f00000)
  from space 512K, 94% used [0x00000000d6080000,0x00000000d60f96c8,0x00000000d6100000)
  to   space 512K, 0% used [0x00000000d6100000,0x00000000d6100000,0x00000000d6180000)
 ParOldGen       total 94208K, used 76920K [0x0000000080000000, 0x0000000085c00000, 0x00000000d5580000)
  object space 94208K, 81% used [0x0000000080000000,0x0000000084b1e1a8,0x0000000085c00000)
 Metaspace       used 71076K, committed 72512K, reserved 1114112K
  class space    used 8406K, committed 9024K, reserved 1048576K
}
Event: 106.748 GC heap before
{Heap before GC invocations=116 (full 4):
 PSYoungGen      total 10240K, used 10213K [0x00000000d5580000, 0x00000000d6180000, 0x0000000100000000)
  eden space 9728K, 100% used [0x00000000d5580000,0x00000000d5f00000,0x00000000d5f00000)
  from space 512K, 94% used [0x00000000d6080000,0x00000000d60f96c8,0x00000000d6100000)
  to   space 512K, 0% used [0x00000000d6100000,0x00000000d6100000,0x00000000d6180000)
 ParOldGen       total 94208K, used 76920K [0x0000000080000000, 0x0000000085c00000, 0x00000000d5580000)
  object space 94208K, 81% used [0x0000000080000000,0x0000000084b1e1a8,0x0000000085c00000)
 Metaspace       used 71077K, committed 72512K, reserved 1114112K
  class space    used 8406K, committed 9024K, reserved 1048576K
}
Event: 106.755 GC heap after
{Heap after GC invocations=116 (full 4):
 PSYoungGen      total 10240K, used 492K [0x00000000d5580000, 0x00000000d6300000, 0x0000000100000000)
  eden space 9728K, 0% used [0x00000000d5580000,0x00000000d5580000,0x00000000d5f00000)
  from space 512K, 96% used [0x00000000d6100000,0x00000000d617b010,0x00000000d6180000)
  to   space 2048K, 0% used [0x00000000d5f00000,0x00000000d5f00000,0x00000000d6100000)
 ParOldGen       total 94208K, used 77898K [0x0000000080000000, 0x0000000085c00000, 0x00000000d5580000)
  object space 94208K, 82% used [0x0000000080000000,0x0000000084c12b50,0x0000000085c00000)
 Metaspace       used 71077K, committed 72512K, reserved 1114112K
  class space    used 8406K, committed 9024K, reserved 1048576K
}
Event: 107.168 GC heap before
{Heap before GC invocations=117 (full 4):
 PSYoungGen      total 10240K, used 10220K [0x00000000d5580000, 0x00000000d6300000, 0x0000000100000000)
  eden space 9728K, 100% used [0x00000000d5580000,0x00000000d5f00000,0x00000000d5f00000)
  from space 512K, 96% used [0x00000000d6100000,0x00000000d617b010,0x00000000d6180000)
  to   space 2048K, 0% used [0x00000000d5f00000,0x00000000d5f00000,0x00000000d6100000)
 ParOldGen       total 94208K, used 77898K [0x0000000080000000, 0x0000000085c00000, 0x00000000d5580000)
  object space 94208K, 82% used [0x0000000080000000,0x0000000084c12b50,0x0000000085c00000)
 Metaspace       used 71077K, committed 72512K, reserved 1114112K
  class space    used 8406K, committed 9024K, reserved 1048576K
}
Event: 107.172 GC heap after
{Heap after GC invocations=117 (full 4):
 PSYoungGen      total 10240K, used 330K [0x00000000d5580000, 0x00000000d6180000, 0x0000000100000000)
  eden space 9728K, 0% used [0x00000000d5580000,0x00000000d5580000,0x00000000d5f00000)
  from space 512K, 64% used [0x00000000d5f00000,0x00000000d5f52970,0x00000000d5f80000)
  to   space 1024K, 0% used [0x00000000d6080000,0x00000000d6080000,0x00000000d6180000)
 ParOldGen       total 94208K, used 77946K [0x0000000080000000, 0x0000000085c00000, 0x00000000d5580000)
  object space 94208K, 82% used [0x0000000080000000,0x0000000084c1eb50,0x0000000085c00000)
 Metaspace       used 71077K, committed 72512K, reserved 1114112K
  class space    used 8406K, committed 9024K, reserved 1048576K
}
Event: 107.429 GC heap before
{Heap before GC invocations=118 (full 4):
 PSYoungGen      total 10240K, used 10058K [0x00000000d5580000, 0x00000000d6180000, 0x0000000100000000)
  eden space 9728K, 100% used [0x00000000d5580000,0x00000000d5f00000,0x00000000d5f00000)
  from space 512K, 64% used [0x00000000d5f00000,0x00000000d5f52970,0x00000000d5f80000)
  to   space 1024K, 0% used [0x00000000d6080000,0x00000000d6080000,0x00000000d6180000)
 ParOldGen       total 94208K, used 77946K [0x0000000080000000, 0x0000000085c00000, 0x00000000d5580000)
  object space 94208K, 82% used [0x0000000080000000,0x0000000084c1eb50,0x0000000085c00000)
 Metaspace       used 71077K, committed 72512K, reserved 1114112K
  class space    used 8406K, committed 9024K, reserved 1048576K
}
Event: 107.430 GC heap after
{Heap after GC invocations=118 (full 4):
 PSYoungGen      total 10752K, used 801K [0x00000000d5580000, 0x00000000d6180000, 0x0000000100000000)
  eden space 9728K, 0% used [0x00000000d5580000,0x00000000d5580000,0x00000000d5f00000)
  from space 1024K, 78% used [0x00000000d6080000,0x00000000d6148738,0x00000000d6180000)
  to   space 1024K, 0% used [0x00000000d5f80000,0x00000000d5f80000,0x00000000d6080000)
 ParOldGen       total 94208K, used 78076K [0x0000000080000000, 0x0000000085c00000, 0x00000000d5580000)
  object space 94208K, 82% used [0x0000000080000000,0x0000000084c3f3c8,0x0000000085c00000)
 Metaspace       used 71077K, committed 72512K, reserved 1114112K
  class space    used 8406K, committed 9024K, reserved 1048576K
}

