# JRE version: Java(TM) SE Runtime Environment (21.0.10+8) (build 21.0.10+8-LTS-217)
# Java VM: Java HotSpot(TM) 64-Bit Server VM (21.0.10+8-LTS-217, mixed mode, sharing, tiered, compressed oops, compressed class ptrs, parallel gc, windows-amd64)
GC Precious Log:
 CardTable entry size: 512
 CPUs: 12 total, 12 available
 Memory: 15751M
 Large Page Support: Disabled
 NUMA Support: Disabled
 Compressed Oops: Enabled (32-bit)
 Alignments: Space 512K, Generation 512K, Heap 2M
 Heap Min Capacity: 100M
 Heap Initial Capacity: 100M
 Heap Max Capacity: 2G
 Pre-touch: Disabled
 Parallel Workers: 10
Heap:
 PSYoungGen      total 80384K, used 66547K [0x00000000d5580000, 0x00000000db900000, 0x0000000100000000)
  eden space 69120K, 80% used [0x00000000d5580000,0x00000000d8bb1248,0x00000000d9900000)
  from space 11264K, 98% used [0x00000000d9a80000,0x00000000da54ba70,0x00000000da580000)
  to   space 16384K, 0% used [0x00000000da900000,0x00000000da900000,0x00000000db900000)
 ParOldGen       total 266752K, used 246333K [0x0000000080000000, 0x0000000090480000, 0x00000000d5580000)
  object space 266752K, 92% used [0x0000000080000000,0x000000008f08f560,0x0000000090480000)
 Metaspace       used 71673K, committed 73216K, reserved 1114112K
  class space    used 7315K, committed 7936K, reserved 1048576K
GC Heap History (20 events):
Event: 20.751 GC heap before
{Heap before GC invocations=257 (full 12):
 PSYoungGen      total 74240K, used 72638K [0x00000000d5580000, 0x00000000da800000, 0x0000000100000000)
  eden space 66560K, 100% used [0x00000000d5580000,0x00000000d9680000,0x00000000d9680000)
  from space 7680K, 79% used [0x00000000d9680000,0x00000000d9c6fb00,0x00000000d9e00000)
  to   space 6656K, 0% used [0x00000000da180000,0x00000000da180000,0x00000000da800000)
 ParOldGen       total 266752K, used 221373K [0x0000000080000000, 0x0000000090480000, 0x00000000d5580000)
  object space 266752K, 82% used [0x0000000080000000,0x000000008d82f420,0x0000000090480000)
 Metaspace       used 58829K, committed 60224K, reserved 1114112K
  class space    used 6036K, committed 6592K, reserved 1048576K
}
Event: 20.755 GC heap after
{Heap after GC invocations=257 (full 12):
 PSYoungGen      total 76800K, used 6649K [0x00000000d5580000, 0x00000000daa80000, 0x0000000100000000)
  eden space 70144K, 0% used [0x00000000d5580000,0x00000000d5580000,0x00000000d9a00000)
  from space 6656K, 99% used [0x00000000da180000,0x00000000da7fe400,0x00000000da800000)
  to   space 7680K, 0% used [0x00000000d9a00000,0x00000000d9a00000,0x00000000da180000)
 ParOldGen       total 266752K, used 221749K [0x0000000080000000, 0x0000000090480000, 0x00000000d5580000)
  object space 266752K, 83% used [0x0000000080000000,0x000000008d88d420,0x0000000090480000)
 Metaspace       used 58829K, committed 60224K, reserved 1114112K
  class space    used 6036K, committed 6592K, reserved 1048576K
}
Event: 20.813 GC heap before
{Heap before GC invocations=258 (full 12):
 PSYoungGen      total 76800K, used 76793K [0x00000000d5580000, 0x00000000daa80000, 0x0000000100000000)
  eden space 70144K, 100% used [0x00000000d5580000,0x00000000d9a00000,0x00000000d9a00000)
  from space 6656K, 99% used [0x00000000da180000,0x00000000da7fe400,0x00000000da800000)
  to   space 7680K, 0% used [0x00000000d9a00000,0x00000000d9a00000,0x00000000da180000)
 ParOldGen       total 266752K, used 221749K [0x0000000080000000, 0x0000000090480000, 0x00000000d5580000)
  object space 266752K, 83% used [0x0000000080000000,0x000000008d88d420,0x0000000090480000)
 Metaspace       used 58832K, committed 60224K, reserved 1114112K
  class space    used 6036K, committed 6592K, reserved 1048576K
}
Event: 20.817 GC heap after
{Heap after GC invocations=258 (full 12):
 PSYoungGen      total 77824K, used 6297K [0x00000000d5580000, 0x00000000dac00000, 0x0000000100000000)
  eden space 70144K, 0% used [0x00000000d5580000,0x00000000d5580000,0x00000000d9a00000)
  from space 7680K, 81% used [0x00000000d9a00000,0x00000000da026400,0x00000000da180000)
  to   space 6656K, 0% used [0x00000000da580000,0x00000000da580000,0x00000000dac00000)
 ParOldGen       total 266752K, used 222109K [0x0000000080000000, 0x0000000090480000, 0x00000000d5580000)
  object space 266752K, 83% used [0x0000000080000000,0x000000008d8e7420,0x0000000090480000)
 Metaspace       used 58832K, committed 60224K, reserved 1114112K
  class space    used 6036K, committed 6592K, reserved 1048576K
}
Event: 20.916 GC heap before
{Heap before GC invocations=259 (full 12):
 PSYoungGen      total 77824K, used 76441K [0x00000000d5580000, 0x00000000dac00000, 0x0000000100000000)
  eden space 70144K, 100% used [0x00000000d5580000,0x00000000d9a00000,0x00000000d9a00000)
  from space 7680K, 81% used [0x00000000d9a00000,0x00000000da026400,0x00000000da180000)
  to   space 6656K, 0% used [0x00000000da580000,0x00000000da580000,0x00000000dac00000)
 ParOldGen       total 266752K, used 222109K [0x0000000080000000, 0x0000000090480000, 0x00000000d5580000)
  object space 266752K, 83% used [0x0000000080000000,0x000000008d8e7420,0x0000000090480000)
 Metaspace       used 59481K, committed 60864K, reserved 1114112K
  class space    used 6115K, committed 6656K, reserved 1048576K
}
Event: 20.921 GC heap after
{Heap after GC invocations=259 (full 12):
 PSYoungGen      total 80896K, used 6649K [0x00000000d5580000, 0x00000000dad80000, 0x0000000100000000)
  eden space 74240K, 0% used [0x00000000d5580000,0x00000000d5580000,0x00000000d9e00000)
  from space 6656K, 99% used [0x00000000da580000,0x00000000dabfe420,0x00000000dac00000)
  to   space 7680K, 0% used [0x00000000d9e00000,0x00000000d9e00000,0x00000000da580000)
 ParOldGen       total 266752K, used 222733K [0x0000000080000000, 0x0000000090480000, 0x00000000d5580000)
  object space 266752K, 83% used [0x0000000080000000,0x000000008d983598,0x0000000090480000)
 Metaspace       used 59481K, committed 60864K, reserved 1114112K
  class space    used 6115K, committed 6656K, reserved 1048576K
}
Event: 21.166 GC heap before
{Heap before GC invocations=260 (full 12):
 PSYoungGen      total 80896K, used 80889K [0x00000000d5580000, 0x00000000dad80000, 0x0000000100000000)
  eden space 74240K, 100% used [0x00000000d5580000,0x00000000d9e00000,0x00000000d9e00000)
  from space 6656K, 99% used [0x00000000da580000,0x00000000dabfe420,0x00000000dac00000)
  to   space 7680K, 0% used [0x00000000d9e00000,0x00000000d9e00000,0x00000000da580000)
 ParOldGen       total 266752K, used 222733K [0x0000000080000000, 0x0000000090480000, 0x00000000d5580000)
  object space 266752K, 83% used [0x0000000080000000,0x000000008d983598,0x0000000090480000)
 Metaspace       used 60533K, committed 61888K, reserved 1114112K
  class space    used 6208K, committed 6784K, reserved 1048576K
}
Event: 21.173 GC heap after
{Heap after GC invocations=260 (full 12):
 PSYoungGen      total 81920K, used 7668K [0x00000000d5580000, 0x00000000dba00000, 0x0000000100000000)
  eden space 74240K, 0% used [0x00000000d5580000,0x00000000d5580000,0x00000000d9e00000)
  from space 7680K, 99% used [0x00000000d9e00000,0x00000000da57d140,0x00000000da580000)
  to   space 12288K, 0% used [0x00000000dae00000,0x00000000dae00000,0x00000000dba00000)
 ParOldGen       total 266752K, used 226261K [0x0000000080000000, 0x0000000090480000, 0x00000000d5580000)
  object space 266752K, 84% used [0x0000000080000000,0x000000008dcf57c8,0x0000000090480000)
 Metaspace       used 60533K, committed 61888K, reserved 1114112K
  class space    used 6208K, committed 6784K, reserved 1048576K
}
Event: 21.444 GC heap before
{Heap before GC invocations=261 (full 12):
 PSYoungGen      total 81920K, used 81370K [0x00000000d5580000, 0x00000000dba00000, 0x0000000100000000)
  eden space 74240K, 99% used [0x00000000d5580000,0x00000000d9d79830,0x00000000d9e00000)
  from space 7680K, 99% used [0x00000000d9e00000,0x00000000da57d140,0x00000000da580000)
  to   space 12288K, 0% used [0x00000000dae00000,0x00000000dae00000,0x00000000dba00000)
 ParOldGen       total 266752K, used 226261K [0x0000000080000000, 0x0000000090480000, 0x00000000d5580000)
  object space 266752K, 84% used [0x0000000080000000,0x000000008dcf57c8,0x0000000090480000)
 Metaspace       used 63411K, committed 64832K, reserved 1114112K
  class space    used 6458K, committed 7040K, reserved 1048576K
}
Event: 21.452 GC heap after
{Heap after GC invocations=261 (full 12):
 PSYoungGen      total 89088K, used 12256K [0x00000000d5580000, 0x00000000dbc80000, 0x0000000100000000)
  eden space 76800K, 0% used [0x00000000d5580000,0x00000000d5580000,0x00000000da080000)
  from space 12288K, 99% used [0x00000000dae00000,0x00000000db9f81e8,0x00000000dba00000)
  to   space 13824K, 0% used [0x00000000da080000,0x00000000da080000,0x00000000dae00000)
 ParOldGen       total 266752K, used 227046K [0x0000000080000000, 0x0000000090480000, 0x00000000d5580000)
  object space 266752K, 85% used [0x0000000080000000,0x000000008ddb99a8,0x0000000090480000)
 Metaspace       used 63411K, committed 64832K, reserved 1114112K
  class space    used 6458K, committed 7040K, reserved 1048576K
}
Event: 21.604 GC heap before
{Heap before GC invocations=262 (full 12):
 PSYoungGen      total 89088K, used 88546K [0x00000000d5580000, 0x00000000dbc80000, 0x0000000100000000)
  eden space 76800K, 99% used [0x00000000d5580000,0x00000000da000770,0x00000000da080000)
  from space 12288K, 99% used [0x00000000dae00000,0x00000000db9f81e8,0x00000000dba00000)
  to   space 13824K, 0% used [0x00000000da080000,0x00000000da080000,0x00000000dae00000)
 ParOldGen       total 266752K, used 227046K [0x0000000080000000, 0x0000000090480000, 0x00000000d5580000)
  object space 266752K, 85% used [0x0000000080000000,0x000000008ddb99a8,0x0000000090480000)
 Metaspace       used 64218K, committed 65600K, reserved 1114112K
  class space    used 6534K, committed 7104K, reserved 1048576K
}
Event: 21.613 GC heap after
{Heap after GC invocations=262 (full 12):
 PSYoungGen      total 90624K, used 13807K [0x00000000d5580000, 0x00000000dc780000, 0x0000000100000000)
  eden space 76800K, 0% used [0x00000000d5580000,0x00000000d5580000,0x00000000da080000)
  from space 13824K, 99% used [0x00000000da080000,0x00000000dadfbd50,0x00000000dae00000)
  to   space 17920K, 0% used [0x00000000db600000,0x00000000db600000,0x00000000dc780000)
 ParOldGen       total 266752K, used 230131K [0x0000000080000000, 0x0000000090480000, 0x00000000d5580000)
  object space 266752K, 86% used [0x0000000080000000,0x000000008e0bcd70,0x0000000090480000)
 Metaspace       used 64218K, committed 65600K, reserved 1114112K
  class space    used 6534K, committed 7104K, reserved 1048576K
}
Event: 34.208 GC heap before
{Heap before GC invocations=263 (full 12):
 PSYoungGen      total 90624K, used 90607K [0x00000000d5580000, 0x00000000dc780000, 0x0000000100000000)
  eden space 76800K, 100% used [0x00000000d5580000,0x00000000da080000,0x00000000da080000)
  from space 13824K, 99% used [0x00000000da080000,0x00000000dadfbd50,0x00000000dae00000)
  to   space 17920K, 0% used [0x00000000db600000,0x00000000db600000,0x00000000dc780000)
 ParOldGen       total 266752K, used 230131K [0x0000000080000000, 0x0000000090480000, 0x00000000d5580000)
  object space 266752K, 86% used [0x0000000080000000,0x000000008e0bcd70,0x0000000090480000)
 Metaspace       used 66698K, committed 68096K, reserved 1114112K
  class space    used 6745K, committed 7296K, reserved 1048576K
}
Event: 34.218 GC heap after
{Heap after GC invocations=263 (full 12):
 PSYoungGen      total 90624K, used 15849K [0x00000000d5580000, 0x00000000dc580000, 0x0000000100000000)
  eden space 74752K, 0% used [0x00000000d5580000,0x00000000d5580000,0x00000000d9e80000)
  from space 15872K, 99% used [0x00000000db600000,0x00000000dc57a5b8,0x00000000dc580000)
  to   space 16384K, 0% used [0x00000000da580000,0x00000000da580000,0x00000000db580000)
 ParOldGen       total 266752K, used 230945K [0x0000000080000000, 0x0000000090480000, 0x00000000d5580000)
  object space 266752K, 86% used [0x0000000080000000,0x000000008e188540,0x0000000090480000)
 Metaspace       used 66698K, committed 68096K, reserved 1114112K
  class space    used 6745K, committed 7296K, reserved 1048576K
}
Event: 84.893 GC heap before
{Heap before GC invocations=264 (full 12):
 PSYoungGen      total 90624K, used 90601K [0x00000000d5580000, 0x00000000dc580000, 0x0000000100000000)
  eden space 74752K, 100% used [0x00000000d5580000,0x00000000d9e80000,0x00000000d9e80000)
  from space 15872K, 99% used [0x00000000db600000,0x00000000dc57a5b8,0x00000000dc580000)
  to   space 16384K, 0% used [0x00000000da580000,0x00000000da580000,0x00000000db580000)
 ParOldGen       total 266752K, used 230945K [0x0000000080000000, 0x0000000090480000, 0x00000000d5580000)
  object space 266752K, 86% used [0x0000000080000000,0x000000008e188540,0x0000000090480000)
 Metaspace       used 69175K, committed 70720K, reserved 1114112K
  class space    used 7045K, committed 7680K, reserved 1048576K
}
Event: 84.901 GC heap after
{Heap after GC invocations=264 (full 12):
 PSYoungGen      total 89088K, used 16354K [0x00000000d5580000, 0x00000000dbf80000, 0x0000000100000000)
  eden space 72704K, 0% used [0x00000000d5580000,0x00000000d5580000,0x00000000d9c80000)
  from space 16384K, 99% used [0x00000000da580000,0x00000000db578bb0,0x00000000db580000)
  to   space 10240K, 0% used [0x00000000db580000,0x00000000db580000,0x00000000dbf80000)
 ParOldGen       total 266752K, used 232018K [0x0000000080000000, 0x0000000090480000, 0x00000000d5580000)
  object space 266752K, 86% used [0x0000000080000000,0x000000008e294a70,0x0000000090480000)
 Metaspace       used 69175K, committed 70720K, reserved 1114112K
  class space    used 7045K, committed 7680K, reserved 1048576K
}
Event: 97.522 GC heap before
{Heap before GC invocations=265 (full 12):
 PSYoungGen      total 89088K, used 88171K [0x00000000d5580000, 0x00000000dbf80000, 0x0000000100000000)
  eden space 72704K, 98% used [0x00000000d5580000,0x00000000d9ba2148,0x00000000d9c80000)
  from space 16384K, 99% used [0x00000000da580000,0x00000000db578bb0,0x00000000db580000)
  to   space 10240K, 0% used [0x00000000db580000,0x00000000db580000,0x00000000dbf80000)
 ParOldGen       total 266752K, used 232018K [0x0000000080000000, 0x0000000090480000, 0x00000000d5580000)
  object space 266752K, 86% used [0x0000000080000000,0x000000008e294a70,0x0000000090480000)
 Metaspace       used 70867K, committed 72448K, reserved 1114112K
  class space    used 7260K, committed 7872K, reserved 1048576K
}
Event: 97.531 GC heap after
{Heap after GC invocations=265 (full 12):
 PSYoungGen      total 80896K, used 10226K [0x00000000d5580000, 0x00000000dcd80000, 0x0000000100000000)
  eden space 70656K, 0% used [0x00000000d5580000,0x00000000d5580000,0x00000000d9a80000)
  from space 10240K, 99% used [0x00000000db580000,0x00000000dbf7c8b0,0x00000000dbf80000)
  to   space 26112K, 0% used [0x00000000d9a80000,0x00000000d9a80000,0x00000000db400000)
 ParOldGen       total 266752K, used 246301K [0x0000000080000000, 0x0000000090480000, 0x00000000d5580000)
  object space 266752K, 92% used [0x0000000080000000,0x000000008f087560,0x0000000090480000)
 Metaspace       used 70867K, committed 72448K, reserved 1114112K
  class space    used 7260K, committed 7872K, reserved 1048576K
}
Event: 97.697 GC heap before
{Heap before GC invocations=266 (full 12):
 PSYoungGen      total 80896K, used 80882K [0x00000000d5580000, 0x00000000dcd80000, 0x0000000100000000)
  eden space 70656K, 100% used [0x00000000d5580000,0x00000000d9a80000,0x00000000d9a80000)
  from space 10240K, 99% used [0x00000000db580000,0x00000000dbf7c8b0,0x00000000dbf80000)
  to   space 26112K, 0% used [0x00000000d9a80000,0x00000000d9a80000,0x00000000db400000)
 ParOldGen       total 266752K, used 246301K [0x0000000080000000, 0x0000000090480000, 0x00000000d5580000)
  object space 266752K, 92% used [0x0000000080000000,0x000000008f087560,0x0000000090480000)
 Metaspace       used 71221K, committed 72768K, reserved 1114112K
  class space    used 7272K, committed 7936K, reserved 1048576K
}
Event: 97.707 GC heap after
{Heap after GC invocations=266 (full 12):
 PSYoungGen      total 80384K, used 11054K [0x00000000d5580000, 0x00000000db900000, 0x0000000100000000)
  eden space 69120K, 0% used [0x00000000d5580000,0x00000000d5580000,0x00000000d9900000)
  from space 11264K, 98% used [0x00000000d9a80000,0x00000000da54ba70,0x00000000da580000)
  to   space 16384K, 0% used [0x00000000da900000,0x00000000da900000,0x00000000db900000)
 ParOldGen       total 266752K, used 246333K [0x0000000080000000, 0x0000000090480000, 0x00000000d5580000)
  object space 266752K, 92% used [0x0000000080000000,0x000000008f08f560,0x0000000090480000)
 Metaspace       used 71221K, committed 72768K, reserved 1114112K
  class space    used 7272K, committed 7936K, reserved 1048576K
}

