# JRE version: Java(TM) SE Runtime Environment (21.0.10+8) (build 21.0.10+8-LTS-217)
# Java VM: Java HotSpot(TM) 64-Bit Server VM (21.0.10+8-LTS-217, mixed mode, sharing, tiered, compressed oops, compressed class ptrs, g1 gc, windows-amd64)
GC Precious Log:
 CardTable entry size: 512
 Card Set container configuration: InlinePtr #cards 5 size 8 Array Of Cards #cards 12 size 40 Howl #buckets 4 coarsen threshold 1843 Howl Bitmap #cards 512 size 80 coarsen threshold 460 Card regions per heap region 1 cards per card region 2048
 CPUs: 12 total, 12 available
 Memory: 15751M
 Large Page Support: Disabled
 NUMA Support: Disabled
 Compressed Oops: Enabled (32-bit)
 Heap Region Size: 1M
 Heap Min Capacity: 8M
 Heap Initial Capacity: 248M
 Heap Max Capacity: 1G
 Pre-touch: Disabled
 Parallel Workers: 10
 Concurrent Workers: 3
 Concurrent Refinement Workers: 10
 Periodic GC: Disabled
Heap:
 garbage-first heap   total 232448K, used 129873K [0x00000000c0000000, 0x0000000100000000)
  region size 1024K, 7 young (7168K), 5 survivors (5120K)
 Metaspace       used 81642K, committed 86784K, reserved 1179648K
  class space    used 11196K, committed 13248K, reserved 1048576K
GC Heap History (20 events):
Event: 801.240 GC heap before
{Heap before GC invocations=35 (full 0):
 garbage-first heap   total 155648K, used 128529K [0x00000000c0000000, 0x0000000100000000)
  region size 1024K, 42 young (43008K), 4 survivors (4096K)
 Metaspace       used 78919K, committed 81664K, reserved 1179648K
  class space    used 10926K, committed 12288K, reserved 1048576K
}
Event: 801.244 GC heap after
{Heap after GC invocations=36 (full 0):
 garbage-first heap   total 155648K, used 92750K [0x00000000c0000000, 0x0000000100000000)
  region size 1024K, 6 young (6144K), 6 survivors (6144K)
 Metaspace       used 78919K, committed 81664K, reserved 1179648K
  class space    used 10926K, committed 12288K, reserved 1048576K
}
Event: 802.146 GC heap before
{Heap before GC invocations=36 (full 0):
 garbage-first heap   total 155648K, used 137806K [0x00000000c0000000, 0x0000000100000000)
  region size 1024K, 51 young (52224K), 6 survivors (6144K)
 Metaspace       used 81633K, committed 84544K, reserved 1179648K
  class space    used 11443K, committed 12928K, reserved 1048576K
}
Event: 802.151 GC heap after
{Heap after GC invocations=37 (full 0):
 garbage-first heap   total 155648K, used 95952K [0x00000000c0000000, 0x0000000100000000)
  region size 1024K, 7 young (7168K), 7 survivors (7168K)
 Metaspace       used 81633K, committed 84544K, reserved 1179648K
  class space    used 11443K, committed 12928K, reserved 1048576K
}
Event: 802.382 GC heap before
{Heap before GC invocations=37 (full 0):
 garbage-first heap   total 155648K, used 137936K [0x00000000c0000000, 0x0000000100000000)
  region size 1024K, 49 young (50176K), 7 survivors (7168K)
 Metaspace       used 81659K, committed 84544K, reserved 1179648K
  class space    used 11444K, committed 12928K, reserved 1048576K
}
Event: 802.388 GC heap after
{Heap after GC invocations=38 (full 0):
 garbage-first heap   total 155648K, used 101151K [0x00000000c0000000, 0x0000000100000000)
  region size 1024K, 6 young (6144K), 6 survivors (6144K)
 Metaspace       used 81659K, committed 84544K, reserved 1179648K
  class space    used 11444K, committed 12928K, reserved 1048576K
}
Event: 802.559 GC heap before
{Heap before GC invocations=39 (full 0):
 garbage-first heap   total 189440K, used 138015K [0x00000000c0000000, 0x0000000100000000)
  region size 1024K, 42 young (43008K), 6 survivors (6144K)
 Metaspace       used 81659K, committed 84544K, reserved 1179648K
  class space    used 11444K, committed 12928K, reserved 1048576K
}
Event: 802.562 GC heap after
{Heap after GC invocations=40 (full 0):
 garbage-first heap   total 189440K, used 103366K [0x00000000c0000000, 0x0000000100000000)
  region size 1024K, 3 young (3072K), 3 survivors (3072K)
 Metaspace       used 81659K, committed 84544K, reserved 1179648K
  class space    used 11444K, committed 12928K, reserved 1048576K
}
Event: 802.837 GC heap before
{Heap before GC invocations=40 (full 0):
 garbage-first heap   total 189440K, used 181190K [0x00000000c0000000, 0x0000000100000000)
  region size 1024K, 70 young (71680K), 3 survivors (3072K)
 Metaspace       used 81680K, committed 84544K, reserved 1179648K
  class space    used 11444K, committed 12928K, reserved 1048576K
}
Event: 802.844 GC heap after
{Heap after GC invocations=41 (full 0):
 garbage-first heap   total 195584K, used 111717K [0x00000000c0000000, 0x0000000100000000)
  region size 1024K, 9 young (9216K), 9 survivors (9216K)
 Metaspace       used 81680K, committed 84544K, reserved 1179648K
  class space    used 11444K, committed 12928K, reserved 1048576K
}
Event: 803.144 GC heap before
{Heap before GC invocations=41 (full 0):
 garbage-first heap   total 195584K, used 174181K [0x00000000c0000000, 0x0000000100000000)
  region size 1024K, 70 young (71680K), 9 survivors (9216K)
 Metaspace       used 81909K, committed 84736K, reserved 1179648K
  class space    used 11476K, committed 12928K, reserved 1048576K
}
Event: 803.150 GC heap after
{Heap after GC invocations=42 (full 0):
 garbage-first heap   total 195584K, used 116479K [0x00000000c0000000, 0x0000000100000000)
  region size 1024K, 5 young (5120K), 5 survivors (5120K)
 Metaspace       used 81909K, committed 84736K, reserved 1179648K
  class space    used 11476K, committed 12928K, reserved 1048576K
}
Event: 897.170 GC heap before
{Heap before GC invocations=43 (full 0):
 garbage-first heap   total 201728K, used 179967K [0x00000000c0000000, 0x0000000100000000)
  region size 1024K, 64 young (65536K), 5 survivors (5120K)
 Metaspace       used 82653K, committed 85568K, reserved 1179648K
  class space    used 11561K, committed 13056K, reserved 1048576K
}
Event: 897.194 GC heap after
{Heap after GC invocations=44 (full 0):
 garbage-first heap   total 201728K, used 121285K [0x00000000c0000000, 0x0000000100000000)
  region size 1024K, 8 young (8192K), 8 survivors (8192K)
 Metaspace       used 82653K, committed 85568K, reserved 1179648K
  class space    used 11561K, committed 13056K, reserved 1048576K
}
Event: 962.396 GC heap before
{Heap before GC invocations=44 (full 0):
 garbage-first heap   total 201728K, used 180677K [0x00000000c0000000, 0x0000000100000000)
  region size 1024K, 67 young (68608K), 8 survivors (8192K)
 Metaspace       used 83748K, committed 86656K, reserved 1179648K
  class space    used 11720K, committed 13248K, reserved 1048576K
}
Event: 962.419 GC heap after
{Heap after GC invocations=45 (full 0):
 garbage-first heap   total 201728K, used 124402K [0x00000000c0000000, 0x0000000100000000)
  region size 1024K, 8 young (8192K), 8 survivors (8192K)
 Metaspace       used 83748K, committed 86656K, reserved 1179648K
  class space    used 11720K, committed 13248K, reserved 1048576K
}
Event: 962.587 GC heap before
{Heap before GC invocations=45 (full 0):
 garbage-first heap   total 201728K, used 126450K [0x00000000c0000000, 0x0000000100000000)
  region size 1024K, 12 young (12288K), 8 survivors (8192K)
 Metaspace       used 83753K, committed 86656K, reserved 1179648K
  class space    used 11720K, committed 13248K, reserved 1048576K
}
Event: 962.594 GC heap after
{Heap after GC invocations=46 (full 0):
 garbage-first heap   total 201728K, used 125644K [0x00000000c0000000, 0x0000000100000000)
  region size 1024K, 2 young (2048K), 2 survivors (2048K)
 Metaspace       used 83753K, committed 86656K, reserved 1179648K
  class space    used 11720K, committed 13248K, reserved 1048576K
}
Event: 1014.243 GC heap before
{Heap before GC invocations=47 (full 0):
 garbage-first heap   total 232448K, used 188108K [0x00000000c0000000, 0x0000000100000000)
  region size 1024K, 58 young (59392K), 2 survivors (2048K)
 Metaspace       used 81637K, committed 86784K, reserved 1179648K
  class space    used 11195K, committed 13248K, reserved 1048576K
}
Event: 1014.251 GC heap after
{Heap after GC invocations=48 (full 0):
 garbage-first heap   total 232448K, used 128849K [0x00000000c0000000, 0x0000000100000000)
  region size 1024K, 5 young (5120K), 5 survivors (5120K)
 Metaspace       used 81637K, committed 86784K, reserved 1179648K
  class space    used 11195K, committed 13248K, reserved 1048576K
}

