GC Precious Log:
 CardTable entry size: 512
 Card Set container configuration: InlinePtr #cards 5 size 8 Array Of Cards #cards 12 size 40 Howl #buckets 4 coarsen threshold 1843 Howl Bitmap #cards 512 size 80 coarsen threshold 460 Card regions per heap region 1 cards per card region 2048
 CPUs: 12 total, 12 available
 Memory: 15751M
 Large Page Support: Disabled
 NUMA Support: Disabled
 Compressed Oops: Enabled (32-bit)
 Heap Region Size: 1M
 Heap Min Capacity: 8M
 Heap Initial Capacity: 248M
 Heap Max Capacity: 1G
 Pre-touch: Disabled
 Parallel Workers: 10
 Concurrent Workers: 3
 Concurrent Refinement Workers: 10
 Periodic GC: Disabled
Heap:
 garbage-first heap   total 254976K, used 203695K [0x00000000c0000000, 0x0000000100000000)
  region size 1024K, 61 young (62464K), 11 survivors (11264K)
 Metaspace       used 99170K, committed 102144K, reserved 1179648K
  class space    used 13738K, committed 15232K, reserved 1048576K
GC Heap History (20 events):
Event: 38.859 GC heap before
{Heap before GC invocations=36 (full 0):
 garbage-first heap   total 183296K, used 148067K [0x00000000c0000000, 0x0000000100000000)
  region size 1024K, 48 young (49152K), 5 survivors (5120K)
 Metaspace       used 92431K, committed 95104K, reserved 1179648K
  class space    used 12876K, committed 14208K, reserved 1048576K
}
Event: 38.863 GC heap after
{Heap after GC invocations=37 (full 0):
 garbage-first heap   total 183296K, used 106109K [0x00000000c0000000, 0x0000000100000000)
  region size 1024K, 6 young (6144K), 6 survivors (6144K)
 Metaspace       used 92431K, committed 95104K, reserved 1179648K
  class space    used 12876K, committed 14208K, reserved 1048576K
}
Event: 39.110 GC heap before
{Heap before GC invocations=37 (full 0):
 garbage-first heap   total 183296K, used 165501K [0x00000000c0000000, 0x0000000100000000)
  region size 1024K, 64 young (65536K), 6 survivors (6144K)
 Metaspace       used 93101K, committed 95936K, reserved 1179648K
  class space    used 12987K, committed 14400K, reserved 1048576K
}
Event: 39.115 GC heap after
{Heap after GC invocations=38 (full 0):
 garbage-first heap   total 183296K, used 109965K [0x00000000c0000000, 0x0000000100000000)
  region size 1024K, 8 young (8192K), 8 survivors (8192K)
 Metaspace       used 93101K, committed 95936K, reserved 1179648K
  class space    used 12987K, committed 14400K, reserved 1048576K
}
Event: 39.523 GC heap before
{Heap before GC invocations=38 (full 0):
 garbage-first heap   total 183296K, used 164237K [0x00000000c0000000, 0x0000000100000000)
  region size 1024K, 61 young (62464K), 8 survivors (8192K)
 Metaspace       used 95017K, committed 97792K, reserved 1179648K
  class space    used 13238K, committed 14656K, reserved 1048576K
}
Event: 39.529 GC heap after
{Heap after GC invocations=39 (full 0):
 garbage-first heap   total 183296K, used 114243K [0x00000000c0000000, 0x0000000100000000)
  region size 1024K, 8 young (8192K), 8 survivors (8192K)
 Metaspace       used 95017K, committed 97792K, reserved 1179648K
  class space    used 13238K, committed 14656K, reserved 1048576K
}
Event: 40.127 GC heap before
{Heap before GC invocations=40 (full 0):
 garbage-first heap   total 196608K, used 163395K [0x00000000c0000000, 0x0000000100000000)
  region size 1024K, 56 young (57344K), 8 survivors (8192K)
 Metaspace       used 96809K, committed 99648K, reserved 1179648K
  class space    used 13479K, committed 14912K, reserved 1048576K
}
Event: 40.133 GC heap after
{Heap after GC invocations=41 (full 0):
 garbage-first heap   total 196608K, used 119589K [0x00000000c0000000, 0x0000000100000000)
  region size 1024K, 6 young (6144K), 6 survivors (6144K)
 Metaspace       used 96809K, committed 99648K, reserved 1179648K
  class space    used 13479K, committed 14912K, reserved 1048576K
}
Event: 41.053 GC heap before
{Heap before GC invocations=41 (full 0):
 garbage-first heap   total 196608K, used 176933K [0x00000000c0000000, 0x0000000100000000)
  region size 1024K, 63 young (64512K), 6 survivors (6144K)
 Metaspace       used 97750K, committed 100672K, reserved 1179648K
  class space    used 13616K, committed 15104K, reserved 1048576K
}
Event: 41.060 GC heap after
{Heap after GC invocations=42 (full 0):
 garbage-first heap   total 196608K, used 125417K [0x00000000c0000000, 0x0000000100000000)
  region size 1024K, 8 young (8192K), 8 survivors (8192K)
 Metaspace       used 97750K, committed 100672K, reserved 1179648K
  class space    used 13616K, committed 15104K, reserved 1048576K
}
Event: 41.302 GC heap before
{Heap before GC invocations=42 (full 0):
 garbage-first heap   total 196608K, used 176617K [0x00000000c0000000, 0x0000000100000000)
  region size 1024K, 58 young (59392K), 8 survivors (8192K)
 Metaspace       used 97751K, committed 100672K, reserved 1179648K
  class space    used 13617K, committed 15104K, reserved 1048576K
}
Event: 41.306 GC heap after
{Heap after GC invocations=43 (full 0):
 garbage-first heap   total 196608K, used 128567K [0x00000000c0000000, 0x0000000100000000)
  region size 1024K, 3 young (3072K), 3 survivors (3072K)
 Metaspace       used 97751K, committed 100672K, reserved 1179648K
  class space    used 13617K, committed 15104K, reserved 1048576K
}
Event: 41.547 GC heap before
{Heap before GC invocations=44 (full 0):
 garbage-first heap   total 254976K, used 188983K [0x00000000c0000000, 0x0000000100000000)
  region size 1024K, 53 young (54272K), 3 survivors (3072K)
 Metaspace       used 97762K, committed 100672K, reserved 1179648K
  class space    used 13617K, committed 15104K, reserved 1048576K
}
Event: 41.553 GC heap after
{Heap after GC invocations=45 (full 0):
 garbage-first heap   total 254976K, used 136577K [0x00000000c0000000, 0x0000000100000000)
  region size 1024K, 7 young (7168K), 7 survivors (7168K)
 Metaspace       used 97762K, committed 100672K, reserved 1179648K
  class space    used 13617K, committed 15104K, reserved 1048576K
}
Event: 42.228 GC heap before
{Heap before GC invocations=45 (full 0):
 garbage-first heap   total 254976K, used 227713K [0x00000000c0000000, 0x0000000100000000)
  region size 1024K, 96 young (98304K), 7 survivors (7168K)
 Metaspace       used 98180K, committed 101120K, reserved 1179648K
  class space    used 13676K, committed 15168K, reserved 1048576K
}
Event: 42.236 GC heap after
{Heap after GC invocations=46 (full 0):
 garbage-first heap   total 254976K, used 141176K [0x00000000c0000000, 0x0000000100000000)
  region size 1024K, 11 young (11264K), 11 survivors (11264K)
 Metaspace       used 98180K, committed 101120K, reserved 1179648K
  class space    used 13676K, committed 15168K, reserved 1048576K
}
Event: 47.533 GC heap before
{Heap before GC invocations=46 (full 0):
 garbage-first heap   total 254976K, used 165752K [0x00000000c0000000, 0x0000000100000000)
  region size 1024K, 36 young (36864K), 11 survivors (11264K)
 Metaspace       used 98338K, committed 101248K, reserved 1179648K
  class space    used 13677K, committed 15168K, reserved 1048576K
}
Event: 47.539 GC heap after
{Heap after GC invocations=47 (full 0):
 garbage-first heap   total 254976K, used 143955K [0x00000000c0000000, 0x0000000100000000)
  region size 1024K, 8 young (8192K), 8 survivors (8192K)
 Metaspace       used 98338K, committed 101248K, reserved 1179648K
  class space    used 13677K, committed 15168K, reserved 1048576K
}
Event: 49.110 GC heap before
{Heap before GC invocations=48 (full 0):
 garbage-first heap   total 254976K, used 234067K [0x00000000c0000000, 0x0000000100000000)
  region size 1024K, 95 young (97280K), 8 survivors (8192K)
 Metaspace       used 98757K, committed 101696K, reserved 1179648K
  class space    used 13710K, committed 15232K, reserved 1048576K
}
Event: 49.118 GC heap after
{Heap after GC invocations=49 (full 0):
 garbage-first heap   total 254976K, used 151471K [0x00000000c0000000, 0x0000000100000000)
  region size 1024K, 11 young (11264K), 11 survivors (11264K)
 Metaspace       used 98757K, committed 101696K, reserved 1179648K
  class space    used 13710K, committed 15232K, reserved 1048576K
}

